  [1m[35m (0.9ms)[0m  [1m[35mCREATE TABLE "schema_migrations" ("version" varchar NOT NULL PRIMARY KEY)[0m
  [1m[35m (0.8ms)[0m  [1m[35mCREATE TABLE "ar_internal_metadata" ("key" varchar NOT NULL PRIMARY KEY, "value" varchar, "created_at" datetime NOT NULL, "updated_at" datetime NOT NULL)[0m
  [1m[36mActiveRecord::SchemaMigration Load (0.1ms)[0m  [1m[34mSELECT "schema_migrations".* FROM "schema_migrations"[0m
Migrating to CreateRecords (20170107233445)
  [1m[35m (0.1ms)[0m  [1m[36mbegin transaction[0m
  [1m[35m (0.4ms)[0m  [1m[35mCREATE TABLE "records" ("id" INTEGER PRIMARY KEY AUTOINCREMENT NOT NULL, "title" varchar, "date" date, "amount" float, "created_at" datetime NOT NULL, "updated_at" datetime NOT NULL)[0m
  [1m[35mSQL (0.2ms)[0m  [1m[32mINSERT INTO "schema_migrations" ("version") VALUES (?)[0m  [["version", "20170107233445"]]
  [1m[35m (0.6ms)[0m  [1m[36mcommit transaction[0m
  [1m[36mActiveRecord::InternalMetadata Load (0.1ms)[0m  [1m[34mSELECT  "ar_internal_metadata".* FROM "ar_internal_metadata" WHERE "ar_internal_metadata"."key" = ? LIMIT ?[0m  [["key", :environment], ["LIMIT", 1]]
  [1m[35m (0.2ms)[0m  [1m[36mbegin transaction[0m
  [1m[35mSQL (0.3ms)[0m  [1m[32mINSERT INTO "ar_internal_metadata" ("key", "value", "created_at", "updated_at") VALUES (?, ?, ?, ?)[0m  [["key", "environment"], ["value", "development"], ["created_at", 2017-01-07 23:35:28 UTC], ["updated_at", 2017-01-07 23:35:28 UTC]]
  [1m[35m (0.6ms)[0m  [1m[36mcommit transaction[0m
  [1m[36mActiveRecord::SchemaMigration Load (0.1ms)[0m  [1m[34mSELECT "schema_migrations".* FROM "schema_migrations"[0m
  [1m[35m (0.1ms)[0m  [1m[36mbegin transaction[0m
  [1m[35mSQL (0.4ms)[0m  [1m[32mINSERT INTO "records" ("title", "date", "amount", "created_at", "updated_at") VALUES (?, ?, ?, ?, ?)[0m  [["title", "Record 1"], ["date", Sat, 07 Jan 2017], ["amount", 500.0], ["created_at", 2017-01-07 23:45:03 UTC], ["updated_at", 2017-01-07 23:45:03 UTC]]
  [1m[35m (1.8ms)[0m  [1m[36mcommit transaction[0m
  [1m[35m (0.1ms)[0m  [1m[36mbegin transaction[0m
  [1m[35mSQL (0.4ms)[0m  [1m[32mINSERT INTO "records" ("title", "date", "amount", "created_at", "updated_at") VALUES (?, ?, ?, ?, ?)[0m  [["title", "Record 2"], ["date", Sat, 07 Jan 2017], ["amount", -100.0], ["created_at", 2017-01-07 23:45:12 UTC], ["updated_at", 2017-01-07 23:45:12 UTC]]
  [1m[35m (5.4ms)[0m  [1m[36mcommit transaction[0m
  [1m[36mRecord Load (2.1ms)[0m  [1m[34mSELECT "records".* FROM "records"[0m
Started GET "/records" for ::1 at 2017-01-10 14:56:33 -0500
  [1m[36mActiveRecord::SchemaMigration Load (0.5ms)[0m  [1m[34mSELECT "schema_migrations".* FROM "schema_migrations"[0m
Processing by RecordsController#index as HTML
  Rendering records/index.html.erb within layouts/application
  [1m[36mRecord Load (0.5ms)[0m  [1m[34mSELECT "records".* FROM "records"[0m
  Rendered records/index.html.erb within layouts/application (13.3ms)
Completed 200 OK in 4597ms (Views: 4582.0ms | ActiveRecord: 1.3ms)


Started GET "/records" for ::1 at 2017-01-10 15:09:06 -0500
  [1m[36mActiveRecord::SchemaMigration Load (0.4ms)[0m  [1m[34mSELECT "schema_migrations".* FROM "schema_migrations"[0m
Processing by RecordsController#index as HTML
  Rendering records/index.html.erb within layouts/application
  [1m[36mRecord Load (0.4ms)[0m  [1m[34mSELECT "records".* FROM "records"[0m
  Rendered records/index.html.erb within layouts/application (12.0ms)
Completed 200 OK in 954ms (Views: 941.1ms | ActiveRecord: 0.9ms)


Started GET "/" for ::1 at 2017-02-09 16:57:22 -0500
  [1m[36mActiveRecord::SchemaMigration Load (0.4ms)[0m  [1m[34mSELECT "schema_migrations".* FROM "schema_migrations"[0m
Processing by Rails::WelcomeController#index as HTML
  Parameters: {"internal"=>true}
  Rendering /Users/kevintsai/.rvm/gems/ruby-2.3.3/gems/railties-5.0.1/lib/rails/templates/rails/welcome/index.html.erb
  Rendered /Users/kevintsai/.rvm/gems/ruby-2.3.3/gems/railties-5.0.1/lib/rails/templates/rails/welcome/index.html.erb (6.4ms)
Completed 200 OK in 24ms (Views: 11.8ms | ActiveRecord: 0.0ms)


Started GET "/records" for ::1 at 2017-02-09 16:57:44 -0500
Processing by RecordsController#index as HTML
  Rendering records/index.html.erb within layouts/application
  [1m[36mRecord Load (0.5ms)[0m  [1m[34mSELECT "records".* FROM "records"[0m
  Rendered records/index.html.erb within layouts/application (12.6ms)
Completed 200 OK in 534ms (Views: 527.7ms | ActiveRecord: 1.0ms)


  [1m[36mRecord Load (1.9ms)[0m  [1m[34mSELECT "records".* FROM "records"[0m
Started GET "/records" for ::1 at 2017-02-09 17:48:01 -0500
  [1m[36mActiveRecord::SchemaMigration Load (0.4ms)[0m  [1m[34mSELECT "schema_migrations".* FROM "schema_migrations"[0m
Processing by RecordsController#index as HTML
  Rendering records/index.html.erb within layouts/application
  [1m[36mRecord Load (0.4ms)[0m  [1m[34mSELECT "records".* FROM "records"[0m
  Rendered records/index.html.erb within layouts/application (11.6ms)
Completed 500 Internal Server Error in 668ms (ActiveRecord: 0.7ms)


  
ActionView::Template::Error (SyntaxError: [stdin]:12:1: unexpected indentation):
    4:     <title>Accounts</title>
    5:     <%= csrf_meta_tags %>
    6: 
    7:     <%= stylesheet_link_tag    'application', media: 'all', 'data-turbolinks-track': 'reload' %>
    8:     <%= javascript_include_tag 'application', 'data-turbolinks-track': 'reload' %>
    9:   </head>
   10: 
  
app/views/layouts/application.html.erb:7:in `_app_views_layouts_application_html_erb___3037192441888052389_70209550566060'
  Rendering /Users/kevintsai/.rvm/gems/ruby-2.3.3/gems/actionpack-5.0.1/lib/action_dispatch/middleware/templates/rescues/template_error.html.erb within rescues/layout
  Rendering /Users/kevintsai/.rvm/gems/ruby-2.3.3/gems/actionpack-5.0.1/lib/action_dispatch/middleware/templates/rescues/_source.html.erb
  Rendered /Users/kevintsai/.rvm/gems/ruby-2.3.3/gems/actionpack-5.0.1/lib/action_dispatch/middleware/templates/rescues/_source.html.erb (4.6ms)
  Rendering /Users/kevintsai/.rvm/gems/ruby-2.3.3/gems/actionpack-5.0.1/lib/action_dispatch/middleware/templates/rescues/_trace.html.erb
  Rendered /Users/kevintsai/.rvm/gems/ruby-2.3.3/gems/actionpack-5.0.1/lib/action_dispatch/middleware/templates/rescues/_trace.html.erb (2.0ms)
  Rendering /Users/kevintsai/.rvm/gems/ruby-2.3.3/gems/actionpack-5.0.1/lib/action_dispatch/middleware/templates/rescues/_request_and_response.html.erb
  Rendered /Users/kevintsai/.rvm/gems/ruby-2.3.3/gems/actionpack-5.0.1/lib/action_dispatch/middleware/templates/rescues/_request_and_response.html.erb (0.7ms)
  Rendered /Users/kevintsai/.rvm/gems/ruby-2.3.3/gems/actionpack-5.0.1/lib/action_dispatch/middleware/templates/rescues/template_error.html.erb within rescues/layout (60.7ms)
Started GET "/records" for ::1 at 2017-02-09 17:50:51 -0500
Processing by RecordsController#index as HTML
  Rendering records/index.html.erb within layouts/application
  [1m[36mRecord Load (0.6ms)[0m  [1m[34mSELECT "records".* FROM "records"[0m
  Rendered records/index.html.erb within layouts/application (3.9ms)
Completed 500 Internal Server Error in 142ms (ActiveRecord: 0.6ms)


  
ActionView::Template::Error (SyntaxError: [stdin]:12:1: unexpected indentation):
    4:     <title>Accounts</title>
    5:     <%= csrf_meta_tags %>
    6: 
    7:     <%= stylesheet_link_tag    'application', media: 'all', 'data-turbolinks-track': 'reload' %>
    8:     <%= javascript_include_tag 'application', 'data-turbolinks-track': 'reload' %>
    9:   </head>
   10: 
  
app/views/layouts/application.html.erb:7:in `_app_views_layouts_application_html_erb___3037192441888052389_70209529780660'
  Rendering /Users/kevintsai/.rvm/gems/ruby-2.3.3/gems/actionpack-5.0.1/lib/action_dispatch/middleware/templates/rescues/template_error.html.erb within rescues/layout
  Rendering /Users/kevintsai/.rvm/gems/ruby-2.3.3/gems/actionpack-5.0.1/lib/action_dispatch/middleware/templates/rescues/_source.html.erb
  Rendered /Users/kevintsai/.rvm/gems/ruby-2.3.3/gems/actionpack-5.0.1/lib/action_dispatch/middleware/templates/rescues/_source.html.erb (6.1ms)
  Rendering /Users/kevintsai/.rvm/gems/ruby-2.3.3/gems/actionpack-5.0.1/lib/action_dispatch/middleware/templates/rescues/_trace.html.erb
  Rendered /Users/kevintsai/.rvm/gems/ruby-2.3.3/gems/actionpack-5.0.1/lib/action_dispatch/middleware/templates/rescues/_trace.html.erb (2.8ms)
  Rendering /Users/kevintsai/.rvm/gems/ruby-2.3.3/gems/actionpack-5.0.1/lib/action_dispatch/middleware/templates/rescues/_request_and_response.html.erb
  Rendered /Users/kevintsai/.rvm/gems/ruby-2.3.3/gems/actionpack-5.0.1/lib/action_dispatch/middleware/templates/rescues/_request_and_response.html.erb (0.8ms)
  Rendered /Users/kevintsai/.rvm/gems/ruby-2.3.3/gems/actionpack-5.0.1/lib/action_dispatch/middleware/templates/rescues/template_error.html.erb within rescues/layout (59.7ms)
Started GET "/records" for ::1 at 2017-02-09 17:52:36 -0500
Processing by RecordsController#index as HTML
  Rendering records/index.html.erb within layouts/application
  [1m[36mRecord Load (0.1ms)[0m  [1m[34mSELECT "records".* FROM "records"[0m
  Rendered records/index.html.erb within layouts/application (1.5ms)
Completed 200 OK in 470ms (Views: 468.2ms | ActiveRecord: 0.1ms)


Started GET "/records" for ::1 at 2017-02-09 17:53:27 -0500
Processing by RecordsController#index as HTML
  Rendering records/index.html.erb within layouts/application
  [1m[36mRecord Load (0.2ms)[0m  [1m[34mSELECT "records".* FROM "records"[0m
  Rendered records/index.html.erb within layouts/application (1.9ms)
Completed 500 Internal Server Error in 128ms (ActiveRecord: 0.2ms)


  
ActionView::Template::Error (SyntaxError: [stdin]:12:1: unexpected indentation):
     5:     <%= csrf_meta_tags %>
     6: 
     7:     <%= stylesheet_link_tag    'application', media: 'all', 'data-turbolinks-track': 'reload' %>
     8:     <%= javascript_include_tag 'application', 'data-turbolinks-track': 'reload' %>
     9:   </head>
    10: 
    11:   <body>
  
app/views/layouts/application.html.erb:8:in `_app_views_layouts_application_html_erb___3037192441888052389_70209593211560'
  Rendering /Users/kevintsai/.rvm/gems/ruby-2.3.3/gems/actionpack-5.0.1/lib/action_dispatch/middleware/templates/rescues/template_error.html.erb within rescues/layout
  Rendering /Users/kevintsai/.rvm/gems/ruby-2.3.3/gems/actionpack-5.0.1/lib/action_dispatch/middleware/templates/rescues/_source.html.erb
  Rendered /Users/kevintsai/.rvm/gems/ruby-2.3.3/gems/actionpack-5.0.1/lib/action_dispatch/middleware/templates/rescues/_source.html.erb (4.8ms)
  Rendering /Users/kevintsai/.rvm/gems/ruby-2.3.3/gems/actionpack-5.0.1/lib/action_dispatch/middleware/templates/rescues/_trace.html.erb
  Rendered /Users/kevintsai/.rvm/gems/ruby-2.3.3/gems/actionpack-5.0.1/lib/action_dispatch/middleware/templates/rescues/_trace.html.erb (2.2ms)
  Rendering /Users/kevintsai/.rvm/gems/ruby-2.3.3/gems/actionpack-5.0.1/lib/action_dispatch/middleware/templates/rescues/_request_and_response.html.erb
  Rendered /Users/kevintsai/.rvm/gems/ruby-2.3.3/gems/actionpack-5.0.1/lib/action_dispatch/middleware/templates/rescues/_request_and_response.html.erb (0.7ms)
  Rendered /Users/kevintsai/.rvm/gems/ruby-2.3.3/gems/actionpack-5.0.1/lib/action_dispatch/middleware/templates/rescues/template_error.html.erb within rescues/layout (54.2ms)
Started GET "/records" for ::1 at 2017-02-09 17:54:39 -0500
Processing by RecordsController#index as HTML
  Rendering records/index.html.erb within layouts/application
  [1m[36mRecord Load (0.5ms)[0m  [1m[34mSELECT "records".* FROM "records"[0m
  Rendered records/index.html.erb within layouts/application (2.2ms)
Completed 200 OK in 302ms (Views: 299.5ms | ActiveRecord: 0.5ms)


Started GET "/records" for ::1 at 2017-02-09 17:54:42 -0500
Processing by RecordsController#index as HTML
  Rendering records/index.html.erb within layouts/application
  [1m[36mRecord Load (0.2ms)[0m  [1m[34mSELECT "records".* FROM "records"[0m
  Rendered records/index.html.erb within layouts/application (1.9ms)
Completed 200 OK in 69ms (Views: 67.6ms | ActiveRecord: 0.2ms)


Started GET "/records" for ::1 at 2017-02-09 17:55:20 -0500
Processing by RecordsController#index as HTML
  Rendering records/index.html.erb within layouts/application
  [1m[36mRecord Load (0.1ms)[0m  [1m[34mSELECT "records".* FROM "records"[0m
  Rendered records/index.html.erb within layouts/application (1.8ms)
Completed 200 OK in 306ms (Views: 303.6ms | ActiveRecord: 0.1ms)


Started GET "/records" for ::1 at 2017-02-09 18:03:36 -0500
Processing by RecordsController#index as HTML
  Rendering records/index.html.erb within layouts/application
  [1m[36mRecord Load (0.5ms)[0m  [1m[34mSELECT "records".* FROM "records"[0m
  Rendered records/index.html.erb within layouts/application (3.4ms)
Completed 200 OK in 494ms (Views: 491.1ms | ActiveRecord: 0.5ms)


